[debug] [2023-04-19T07:07:53.580Z] ----------------------------------------------------------------------
[debug] [2023-04-19T07:07:53.582Z] Command:       C:\Program Files\nodejs\node.exe C:\Users\ProCorp_India\AppData\Roaming\npm\node_modules\firebase-tools\lib\bin\firebase.js init
[debug] [2023-04-19T07:07:53.583Z] CLI Version:   11.28.0
[debug] [2023-04-19T07:07:53.583Z] Platform:      win32
[debug] [2023-04-19T07:07:53.583Z] Node Version:  v18.14.2
[debug] [2023-04-19T07:07:53.585Z] Time:          Wed Apr 19 2023 12:37:53 GMT+0530 (India Standard Time)
[debug] [2023-04-19T07:07:53.585Z] ----------------------------------------------------------------------
[debug] 
[debug] [2023-04-19T07:07:53.669Z] > command requires scopes: ["email","openid","https://www.googleapis.com/auth/cloudplatformprojects.readonly","https://www.googleapis.com/auth/firebase","https://www.googleapis.com/auth/cloud-platform"]
[debug] [2023-04-19T07:07:53.670Z] > authorizing via signed-in user (mounikagoudlingala@gmail.com)
[info] 
     ######## #### ########  ######## ########     ###     ######  ########
     ##        ##  ##     ## ##       ##     ##  ##   ##  ##       ##
     ######    ##  ########  ######   ########  #########  ######  ######
     ##        ##  ##    ##  ##       ##     ## ##     ##       ## ##
     ##       #### ##     ## ######## ########  ##     ##  ######  ########

You're about to initialize a Firebase project in this directory:

  C:\Users\ProCorp_India

Before we get started, keep in mind:

  * You are initializing within an existing Firebase project directory

[info] 
=== Project Setup
[info] 
[info] First, let's associate this project directory with a Firebase project.
[info] You can create multiple project aliases by running firebase use --add, 
[info] but for now we'll just set up a default project.
[info] 
[debug] [2023-04-19T07:08:09.215Z] Using project from CLI flag: procorp-member-portal
[debug] [2023-04-19T07:08:09.218Z] >>> [apiv2][query] GET https://firebase.googleapis.com/v1beta1/projects/procorp-member-portal [none]
[debug] [2023-04-19T07:08:12.828Z] <<< [apiv2][status] GET https://firebase.googleapis.com/v1beta1/projects/procorp-member-portal 403
[debug] [2023-04-19T07:08:12.829Z] <<< [apiv2][body] GET https://firebase.googleapis.com/v1beta1/projects/procorp-member-portal {"error":{"code":403,"message":"The caller does not have permission","status":"PERMISSION_DENIED"}}
[debug] [2023-04-19T07:08:12.830Z] HTTP Error: 403, The caller does not have permission
[debug] [2023-04-19T07:08:13.675Z] FirebaseError: HTTP Error: 403, The caller does not have permission
    at responseToError (C:\Users\ProCorp_India\AppData\Roaming\npm\node_modules\firebase-tools\lib\responseToError.js:49:12)
    at RetryOperation._fn (C:\Users\ProCorp_India\AppData\Roaming\npm\node_modules\firebase-tools\lib\apiv2.js:288:77)
    at process.processTicksAndRejections (node:internal/process/task_queues:95:5)
[error] 
[error] Error: Failed to get Firebase project procorp-member-portal. Please make sure the project exists and your account has permission to access it.
